# JRE version: Java(TM) SE Runtime Environment (8.0_05-b13) (build 1.8.0_05-b13)
# Java VM: Java HotSpot(TM) 64-Bit Server VM (25.5-b02 mixed mode windows-amd64 compressed oops)
Heap:
 PSYoungGen      total 21504K, used 13973K [0x00000000eab00000, 0x00000000ecf00000, 0x0000000100000000)
  eden space 18944K, 60% used [0x00000000eab00000,0x00000000eb627978,0x00000000ebd80000)
  from space 2560K, 99% used [0x00000000ec100000,0x00000000ec37dae0,0x00000000ec380000)
  to   space 3584K, 0% used [0x00000000ebd80000,0x00000000ebd80000,0x00000000ec100000)
 ParOldGen       total 7168K, used 5372K [0x00000000c0000000, 0x00000000c0700000, 0x00000000eab00000)
  object space 7168K, 74% used [0x00000000c0000000,0x00000000c053f110,0x00000000c0700000)
 Metaspace       used 17454K, capacity 17862K, committed 18176K, reserved 1067008K
  class space    used 2454K, capacity 2557K, committed 2560K, reserved 1048576K
GC Heap History (10 events):
Event: 3.951 GC heap before
{Heap before GC invocations=11 (full 0):
 PSYoungGen      total 14336K, used 13749K [0x00000000eab00000, 0x00000000ebb00000, 0x0000000100000000)
  eden space 12288K, 100% used [0x00000000eab00000,0x00000000eb700000,0x00000000eb700000)
  from space 2048K, 71% used [0x00000000eb900000,0x00000000eba6d778,0x00000000ebb00000)
  to   space 2048K, 0% used [0x00000000eb700000,0x00000000eb700000,0x00000000eb900000)
 ParOldGen       total 64000K, used 2177K [0x00000000c0000000, 0x00000000c3e80000, 0x00000000eab00000)
  object space 64000K, 3% used [0x00000000c0000000,0x00000000c0220678,0x00000000c3e80000)
 Metaspace       used 9909K, capacity 10226K, committed 10496K, reserved 1058816K
  class space    used 1351K, capacity 1451K, committed 1536K, reserved 1048576K
Event: 3.958 GC heap after
Heap after GC invocations=11 (full 0):
 PSYoungGen      total 14336K, used 2037K [0x00000000eab00000, 0x00000000ec380000, 0x0000000100000000)
  eden space 12288K, 0% used [0x00000000eab00000,0x00000000eab00000,0x00000000eb700000)
  from space 2048K, 99% used [0x00000000eb700000,0x00000000eb8fd638,0x00000000eb900000)
  to   space 2560K, 0% used [0x00000000ec100000,0x00000000ec100000,0x00000000ec380000)
 ParOldGen       total 64000K, used 2954K [0x00000000c0000000, 0x00000000c3e80000, 0x00000000eab00000)
  object space 64000K, 4% used [0x00000000c0000000,0x00000000c02e29f0,0x00000000c3e80000)
 Metaspace       used 9909K, capacity 10226K, committed 10496K, reserved 1058816K
  class space    used 1351K, capacity 1451K, committed 1536K, reserved 1048576K
}
Event: 4.405 GC heap before
{Heap before GC invocations=12 (full 0):
 PSYoungGen      total 14336K, used 14325K [0x00000000eab00000, 0x00000000ec380000, 0x0000000100000000)
  eden space 12288K, 100% used [0x00000000eab00000,0x00000000eb700000,0x00000000eb700000)
  from space 2048K, 99% used [0x00000000eb700000,0x00000000eb8fd638,0x00000000eb900000)
  to   space 2560K, 0% used [0x00000000ec100000,0x00000000ec100000,0x00000000ec380000)
 ParOldGen       total 64000K, used 2954K [0x00000000c0000000, 0x00000000c3e80000, 0x00000000eab00000)
  object space 64000K, 4% used [0x00000000c0000000,0x00000000c02e29f0,0x00000000c3e80000)
 Metaspace       used 11215K, capacity 11570K, committed 11648K, reserved 1058816K
  class space    used 1562K, capacity 1643K, committed 1664K, reserved 1048576K
Event: 4.434 GC heap after
Heap after GC invocations=12 (full 0):
 PSYoungGen      total 22528K, used 1639K [0x00000000eab00000, 0x00000000ec380000, 0x0000000100000000)
  eden space 19968K, 0% used [0x00000000eab00000,0x00000000eab00000,0x00000000ebe80000)
  from space 2560K, 64% used [0x00000000ec100000,0x00000000ec299c98,0x00000000ec380000)
  to   space 2560K, 0% used [0x00000000ebe80000,0x00000000ebe80000,0x00000000ec100000)
 ParOldGen       total 64000K, used 3678K [0x00000000c0000000, 0x00000000c3e80000, 0x00000000eab00000)
  object space 64000K, 5% used [0x00000000c0000000,0x00000000c0397ac8,0x00000000c3e80000)
 Metaspace       used 11215K, capacity 11570K, committed 11648K, reserved 1058816K
  class space    used 1562K, capacity 1643K, committed 1664K, reserved 1048576K
}
Event: 5.116 GC heap before
{Heap before GC invocations=13 (full 0):
 PSYoungGen      total 22528K, used 11101K [0x00000000eab00000, 0x00000000ec380000, 0x0000000100000000)
  eden space 19968K, 47% used [0x00000000eab00000,0x00000000eb43d930,0x00000000ebe80000)
  from space 2560K, 64% used [0x00000000ec100000,0x00000000ec299c98,0x00000000ec380000)
  to   space 2560K, 0% used [0x00000000ebe80000,0x00000000ebe80000,0x00000000ec100000)
 ParOldGen       total 64000K, used 3678K [0x00000000c0000000, 0x00000000c3e80000, 0x00000000eab00000)
  object space 64000K, 5% used [0x00000000c0000000,0x00000000c0397ac8,0x00000000c3e80000)
 Metaspace       used 14218K, capacity 14514K, committed 14592K, reserved 1064960K
  class space    used 1933K, capacity 2027K, committed 2048K, reserved 1048576K
Event: 5.121 GC heap after
Heap after GC invocations=13 (full 0):
 PSYoungGen      total 22528K, used 2536K [0x00000000eab00000, 0x00000000ec380000, 0x0000000100000000)
  eden space 19968K, 0% used [0x00000000eab00000,0x00000000eab00000,0x00000000ebe80000)
  from space 2560K, 99% used [0x00000000ebe80000,0x00000000ec0fa3f8,0x00000000ec100000)
  to   space 2560K, 0% used [0x00000000ec100000,0x00000000ec100000,0x00000000ec380000)
 ParOldGen       total 64000K, used 4015K [0x00000000c0000000, 0x00000000c3e80000, 0x00000000eab00000)
  object space 64000K, 6% used [0x00000000c0000000,0x00000000c03ebd88,0x00000000c3e80000)
 Metaspace       used 14218K, capacity 14514K, committed 14592K, reserved 1064960K
  class space    used 1933K, capacity 2027K, committed 2048K, reserved 1048576K
}
Event: 5.121 GC heap before
{Heap before GC invocations=14 (full 1):
 PSYoungGen      total 22528K, used 2536K [0x00000000eab00000, 0x00000000ec380000, 0x0000000100000000)
  eden space 19968K, 0% used [0x00000000eab00000,0x00000000eab00000,0x00000000ebe80000)
  from space 2560K, 99% used [0x00000000ebe80000,0x00000000ec0fa3f8,0x00000000ec100000)
  to   space 2560K, 0% used [0x00000000ec100000,0x00000000ec100000,0x00000000ec380000)
 ParOldGen       total 64000K, used 4015K [0x00000000c0000000, 0x00000000c3e80000, 0x00000000eab00000)
  object space 64000K, 6% used [0x00000000c0000000,0x00000000c03ebd88,0x00000000c3e80000)
 Metaspace       used 14218K, capacity 14514K, committed 14592K, reserved 1064960K
  class space    used 1933K, capacity 2027K, committed 2048K, reserved 1048576K
Event: 5.203 GC heap after
Heap after GC invocations=14 (full 1):
 PSYoungGen      total 22528K, used 0K [0x00000000eab00000, 0x00000000ec380000, 0x0000000100000000)
  eden space 19968K, 0% used [0x00000000eab00000,0x00000000eab00000,0x00000000ebe80000)
  from space 2560K, 0% used [0x00000000ebe80000,0x00000000ebe80000,0x00000000ec100000)
  to   space 2560K, 0% used [0x00000000ec100000,0x00000000ec100000,0x00000000ec380000)
 ParOldGen       total 7168K, used 5201K [0x00000000c0000000, 0x00000000c0700000, 0x00000000eab00000)
  object space 7168K, 72% used [0x00000000c0000000,0x00000000c05147a8,0x00000000c0700000)
 Metaspace       used 14218K, capacity 14514K, committed 14592K, reserved 1064960K
  class space    used 1933K, capacity 2027K, committed 2048K, reserved 1048576K
}
Event: 6.756 GC heap before
{Heap before GC invocations=15 (full 1):
 PSYoungGen      total 22528K, used 19968K [0x00000000eab00000, 0x00000000ec380000, 0x0000000100000000)
  eden space 19968K, 100% used [0x00000000eab00000,0x00000000ebe80000,0x00000000ebe80000)
  from space 2560K, 0% used [0x00000000ebe80000,0x00000000ebe80000,0x00000000ec100000)
  to   space 2560K, 0% used [0x00000000ec100000,0x00000000ec100000,0x00000000ec380000)
 ParOldGen       total 7168K, used 5201K [0x00000000c0000000, 0x00000000c0700000, 0x00000000eab00000)
  object space 7168K, 72% used [0x00000000c0000000,0x00000000c05147a8,0x00000000c0700000)
 Metaspace       used 16453K, capacity 16794K, committed 17024K, reserved 1064960K
  class space    used 2299K, capacity 2395K, committed 2432K, reserved 1048576K
Event: 6.763 GC heap after
Heap after GC invocations=15 (full 1):
 PSYoungGen      total 21504K, used 2550K [0x00000000eab00000, 0x00000000ecf00000, 0x0000000100000000)
  eden space 18944K, 0% used [0x00000000eab00000,0x00000000eab00000,0x00000000ebd80000)
  from space 2560K, 99% used [0x00000000ec100000,0x00000000ec37dae0,0x00000000ec380000)
  to   space 3584K, 0% used [0x00000000ebd80000,0x00000000ebd80000,0x00000000ec100000)
 ParOldGen       total 7168K, used 5372K [0x00000000c0000000, 0x00000000c0700000, 0x00000000eab00000)
  object space 7168K, 74% used [0x00000000c0000000,0x00000000c053f110,0x00000000c0700000)
 Metaspace       used 16453K, capacity 16794K, committed 17024K, reserved 1064960K
  class space    used 2299K, capacity 2395K, committed 2432K, reserved 1048576K
}

